Analysis & Elaboration report for risc-cpu
Mon Jan 27 13:47:17 2025
Quartus Prime Version 21.1.0 Build 842 10/21/2021 SJ Lite Edition


---------------------
; Table of Contents ;
---------------------
  1. Legal Notice
  2. Analysis & Elaboration Summary
  3. Parallel Compilation
  4. Analysis & Elaboration Settings
  5. Port Connectivity Checks: "pipeline:pipeline_inst"
  6. Port Connectivity Checks: "decoder:decoder_inst"
  7. Port Connectivity Checks: "status:status_inst"
  8. Port Connectivity Checks: "reg:reg_inst"
  9. Port Connectivity Checks: "alu:alu_inst"
 10. Port Connectivity Checks: "ram:ram_inst"
 11. Port Connectivity Checks: "rom:rom_inst"
 12. Port Connectivity Checks: "pcounter:pcounter_inst"
 13. Analysis & Elaboration Messages



----------------
; Legal Notice ;
----------------
Copyright (C) 2021  Intel Corporation. All rights reserved.
Your use of Intel Corporation's design tools, logic functions 
and other software and tools, and any partner logic 
functions, and any output files from any of the foregoing 
(including device programming or simulation files), and any 
associated documentation or information are expressly subject 
to the terms and conditions of the Intel Program License 
Subscription Agreement, the Intel Quartus Prime License Agreement,
the Intel FPGA IP License Agreement, or other applicable license
agreement, including, without limitation, that your use is for
the sole purpose of programming logic devices manufactured by
Intel and sold by Intel or its authorized distributors.  Please
refer to the applicable agreement for further details, at
https://fpgasoftware.intel.com/eula.



+----------------------------------------------------------------------------------+
; Analysis & Elaboration Summary                                                   ;
+------------------------------------+---------------------------------------------+
; Analysis & Elaboration Status      ; Successful - Mon Jan 27 13:47:17 2025       ;
; Quartus Prime Version              ; 21.1.0 Build 842 10/21/2021 SJ Lite Edition ;
; Revision Name                      ; risc-cpu                                    ;
; Top-level Entity Name              ; cpu                                         ;
; Family                             ; MAX 10                                      ;
; Total logic elements               ; N/A until Partition Merge                   ;
;     Total combinational functions  ; N/A until Partition Merge                   ;
;     Dedicated logic registers      ; N/A until Partition Merge                   ;
; Total registers                    ; N/A until Partition Merge                   ;
; Total pins                         ; N/A until Partition Merge                   ;
; Total virtual pins                 ; N/A until Partition Merge                   ;
; Total memory bits                  ; N/A until Partition Merge                   ;
; Embedded Multiplier 9-bit elements ; N/A until Partition Merge                   ;
; Total PLLs                         ; N/A until Partition Merge                   ;
; UFM blocks                         ; N/A until Partition Merge                   ;
; ADC blocks                         ; N/A until Partition Merge                   ;
+------------------------------------+---------------------------------------------+


+------------------------------------------+
; Parallel Compilation                     ;
+----------------------------+-------------+
; Processors                 ; Number      ;
+----------------------------+-------------+
; Number detected on machine ; 16          ;
; Maximum allowed            ; 16          ;
;                            ;             ;
; Average used               ; 1.00        ;
; Maximum used               ; 1           ;
;                            ;             ;
; Usage by Processor         ; % Time Used ;
;     Processor 1            ; 100.0%      ;
+----------------------------+-------------+


+------------------------------------------------------------------------------------------------------------+
; Analysis & Elaboration Settings                                                                            ;
+------------------------------------------------------------------+--------------------+--------------------+
; Option                                                           ; Setting            ; Default Value      ;
+------------------------------------------------------------------+--------------------+--------------------+
; Device                                                           ; 10M50DAF484C6GES   ;                    ;
; Top-level entity name                                            ; cpu                ; risc-cpu           ;
; Family name                                                      ; MAX 10             ; Cyclone V          ;
; Use smart compilation                                            ; Off                ; Off                ;
; Enable parallel Assembler and Timing Analyzer during compilation ; On                 ; On                 ;
; Enable compact report table                                      ; Off                ; Off                ;
; Restructure Multiplexers                                         ; Auto               ; Auto               ;
; Create Debugging Nodes for IP Cores                              ; Off                ; Off                ;
; Preserve fewer node names                                        ; On                 ; On                 ;
; Intel FPGA IP Evaluation Mode                                    ; Enable             ; Enable             ;
; Verilog Version                                                  ; Verilog_2001       ; Verilog_2001       ;
; VHDL Version                                                     ; VHDL_1993          ; VHDL_1993          ;
; State Machine Processing                                         ; Auto               ; Auto               ;
; Safe State Machine                                               ; Off                ; Off                ;
; Extract Verilog State Machines                                   ; On                 ; On                 ;
; Extract VHDL State Machines                                      ; On                 ; On                 ;
; Ignore Verilog initial constructs                                ; Off                ; Off                ;
; Iteration limit for constant Verilog loops                       ; 5000               ; 5000               ;
; Iteration limit for non-constant Verilog loops                   ; 250                ; 250                ;
; Add Pass-Through Logic to Inferred RAMs                          ; On                 ; On                 ;
; Infer RAMs from Raw Logic                                        ; On                 ; On                 ;
; Parallel Synthesis                                               ; On                 ; On                 ;
; DSP Block Balancing                                              ; Auto               ; Auto               ;
; NOT Gate Push-Back                                               ; On                 ; On                 ;
; Power-Up Don't Care                                              ; On                 ; On                 ;
; Remove Redundant Logic Cells                                     ; Off                ; Off                ;
; Remove Duplicate Registers                                       ; On                 ; On                 ;
; Ignore CARRY Buffers                                             ; Off                ; Off                ;
; Ignore CASCADE Buffers                                           ; Off                ; Off                ;
; Ignore GLOBAL Buffers                                            ; Off                ; Off                ;
; Ignore ROW GLOBAL Buffers                                        ; Off                ; Off                ;
; Ignore LCELL Buffers                                             ; Off                ; Off                ;
; Ignore SOFT Buffers                                              ; On                 ; On                 ;
; Limit AHDL Integers to 32 Bits                                   ; Off                ; Off                ;
; Optimization Technique                                           ; Balanced           ; Balanced           ;
; Carry Chain Length                                               ; 70                 ; 70                 ;
; Auto Carry Chains                                                ; On                 ; On                 ;
; Auto Open-Drain Pins                                             ; On                 ; On                 ;
; Perform WYSIWYG Primitive Resynthesis                            ; Off                ; Off                ;
; Auto ROM Replacement                                             ; On                 ; On                 ;
; Auto RAM Replacement                                             ; On                 ; On                 ;
; Auto DSP Block Replacement                                       ; On                 ; On                 ;
; Auto Shift Register Replacement                                  ; Auto               ; Auto               ;
; Allow Shift Register Merging across Hierarchies                  ; Auto               ; Auto               ;
; Auto Clock Enable Replacement                                    ; On                 ; On                 ;
; Strict RAM Replacement                                           ; Off                ; Off                ;
; Allow Synchronous Control Signals                                ; On                 ; On                 ;
; Force Use of Synchronous Clear Signals                           ; Off                ; Off                ;
; Auto RAM Block Balancing                                         ; On                 ; On                 ;
; Auto RAM to Logic Cell Conversion                                ; Off                ; Off                ;
; Auto Resource Sharing                                            ; Off                ; Off                ;
; Allow Any RAM Size For Recognition                               ; Off                ; Off                ;
; Allow Any ROM Size For Recognition                               ; Off                ; Off                ;
; Allow Any Shift Register Size For Recognition                    ; Off                ; Off                ;
; Use LogicLock Constraints during Resource Balancing              ; On                 ; On                 ;
; Ignore translate_off and synthesis_off directives                ; Off                ; Off                ;
; Timing-Driven Synthesis                                          ; On                 ; On                 ;
; Report Parameter Settings                                        ; On                 ; On                 ;
; Report Source Assignments                                        ; On                 ; On                 ;
; Report Connectivity Checks                                       ; On                 ; On                 ;
; Ignore Maximum Fan-Out Assignments                               ; Off                ; Off                ;
; Synchronization Register Chain Length                            ; 2                  ; 2                  ;
; Power Optimization During Synthesis                              ; Normal compilation ; Normal compilation ;
; HDL message level                                                ; Level2             ; Level2             ;
; Suppress Register Optimization Related Messages                  ; Off                ; Off                ;
; Number of Removed Registers Reported in Synthesis Report         ; 5000               ; 5000               ;
; Number of Swept Nodes Reported in Synthesis Report               ; 5000               ; 5000               ;
; Number of Inverted Registers Reported in Synthesis Report        ; 100                ; 100                ;
; Clock MUX Protection                                             ; On                 ; On                 ;
; Auto Gated Clock Conversion                                      ; Off                ; Off                ;
; Block Design Naming                                              ; Auto               ; Auto               ;
; SDC constraint protection                                        ; Off                ; Off                ;
; Synthesis Effort                                                 ; Auto               ; Auto               ;
; Shift Register Replacement - Allow Asynchronous Clear Signal     ; On                 ; On                 ;
; Pre-Mapping Resynthesis Optimization                             ; Off                ; Off                ;
; Analysis & Synthesis Message Level                               ; Medium             ; Medium             ;
; Disable Register Merging Across Hierarchies                      ; Auto               ; Auto               ;
; Resource Aware Inference For Block RAM                           ; On                 ; On                 ;
+------------------------------------------------------------------+--------------------+--------------------+


+----------------------------------------------------+
; Port Connectivity Checks: "pipeline:pipeline_inst" ;
+------+-------+----------+--------------------------+
; Port ; Type  ; Severity ; Details                  ;
+------+-------+----------+--------------------------+
; rst  ; Input ; Info     ; Stuck at GND             ;
+------+-------+----------+--------------------------+


+-------------------------------------------------------------------------------------------------------------------------------+
; Port Connectivity Checks: "decoder:decoder_inst"                                                                              ;
+---------------------+--------+----------+-------------------------------------------------------------------------------------+
; Port                ; Type   ; Severity ; Details                                                                             ;
+---------------------+--------+----------+-------------------------------------------------------------------------------------+
; decoder_out_s[7..6] ; Output ; Info     ; Connected to dangling logic. Logic that only feeds a dangling port will be removed. ;
+---------------------+--------+----------+-------------------------------------------------------------------------------------+


+------------------------------------------------+
; Port Connectivity Checks: "status:status_inst" ;
+------+-------+----------+----------------------+
; Port ; Type  ; Severity ; Details              ;
+------+-------+----------+----------------------+
; rst  ; Input ; Info     ; Stuck at GND         ;
+------+-------+----------+----------------------+


+------------------------------------------+
; Port Connectivity Checks: "reg:reg_inst" ;
+------+-------+----------+----------------+
; Port ; Type  ; Severity ; Details        ;
+------+-------+----------+----------------+
; rst  ; Input ; Info     ; Stuck at GND   ;
+------+-------+----------+----------------+


+------------------------------------------+
; Port Connectivity Checks: "alu:alu_inst" ;
+------+-------+----------+----------------+
; Port ; Type  ; Severity ; Details        ;
+------+-------+----------+----------------+
; rst  ; Input ; Info     ; Stuck at GND   ;
+------+-------+----------+----------------+


+------------------------------------------+
; Port Connectivity Checks: "ram:ram_inst" ;
+------+-------+----------+----------------+
; Port ; Type  ; Severity ; Details        ;
+------+-------+----------+----------------+
; rst  ; Input ; Info     ; Stuck at GND   ;
+------+-------+----------+----------------+


+------------------------------------------+
; Port Connectivity Checks: "rom:rom_inst" ;
+------+-------+----------+----------------+
; Port ; Type  ; Severity ; Details        ;
+------+-------+----------+----------------+
; rst  ; Input ; Info     ; Stuck at GND   ;
+------+-------+----------+----------------+


+----------------------------------------------------+
; Port Connectivity Checks: "pcounter:pcounter_inst" ;
+------+-------+----------+--------------------------+
; Port ; Type  ; Severity ; Details                  ;
+------+-------+----------+--------------------------+
; rst  ; Input ; Info     ; Stuck at GND             ;
+------+-------+----------+--------------------------+


+---------------------------------+
; Analysis & Elaboration Messages ;
+---------------------------------+
Info: *******************************************************************
Info: Running Quartus Prime Analysis & Elaboration
    Info: Version 21.1.0 Build 842 10/21/2021 SJ Lite Edition
    Info: Processing started: Mon Jan 27 13:47:08 2025
Info: Command: quartus_map --read_settings_files=on --write_settings_files=off risc-cpu -c risc-cpu --analysis_and_elaboration
Warning (18236): Number of processors has not been specified which may cause overloading on shared machines.  Set the global assignment NUM_PARALLEL_PROCESSORS in your QSF to an appropriate value for best performance.
Info (20030): Parallel compilation is enabled and will use 16 of the 16 processors detected
Info (12021): Found 2 design units, including 1 entities, in source file /home/enzo/Documents/risc-cpu/src/status.vhd
    Info (12022): Found design unit 1: status-status_a File: /home/enzo/Documents/risc-cpu/src/status.vhd Line: 19
    Info (12023): Found entity 1: status File: /home/enzo/Documents/risc-cpu/src/status.vhd Line: 6
Info (12021): Found 2 design units, including 1 entities, in source file /home/enzo/Documents/risc-cpu/src/seg7.vhd
    Info (12022): Found design unit 1: seg7-Behavioral File: /home/enzo/Documents/risc-cpu/src/seg7.vhd Line: 14
    Info (12023): Found entity 1: seg7 File: /home/enzo/Documents/risc-cpu/src/seg7.vhd Line: 6
Info (12021): Found 2 design units, including 1 entities, in source file /home/enzo/Documents/risc-cpu/src/screen.vhd
    Info (12022): Found design unit 1: screen-Behavioral File: /home/enzo/Documents/risc-cpu/src/screen.vhd Line: 21
    Info (12023): Found entity 1: screen File: /home/enzo/Documents/risc-cpu/src/screen.vhd Line: 6
Info (12021): Found 2 design units, including 1 entities, in source file /home/enzo/Documents/risc-cpu/src/rom.vhd
    Info (12022): Found design unit 1: rom-Behavioral File: /home/enzo/Documents/risc-cpu/src/rom.vhd Line: 20
    Info (12023): Found entity 1: rom File: /home/enzo/Documents/risc-cpu/src/rom.vhd Line: 6
Info (12021): Found 2 design units, including 1 entities, in source file /home/enzo/Documents/risc-cpu/src/reg.vhd
    Info (12022): Found design unit 1: reg-Behavioral File: /home/enzo/Documents/risc-cpu/src/reg.vhd Line: 26
    Info (12023): Found entity 1: reg File: /home/enzo/Documents/risc-cpu/src/reg.vhd Line: 6
Info (12021): Found 2 design units, including 1 entities, in source file /home/enzo/Documents/risc-cpu/src/ram.vhd
    Info (12022): Found design unit 1: ram-Behavioral File: /home/enzo/Documents/risc-cpu/src/ram.vhd Line: 21
    Info (12023): Found entity 1: ram File: /home/enzo/Documents/risc-cpu/src/ram.vhd Line: 6
Info (12021): Found 2 design units, including 1 entities, in source file /home/enzo/Documents/risc-cpu/src/pipeline.vhd
    Info (12022): Found design unit 1: pipeline-pipeline_a File: /home/enzo/Documents/risc-cpu/src/pipeline.vhd Line: 25
    Info (12023): Found entity 1: pipeline File: /home/enzo/Documents/risc-cpu/src/pipeline.vhd Line: 6
Info (12021): Found 2 design units, including 1 entities, in source file /home/enzo/Documents/risc-cpu/src/pcounter.vhd
    Info (12022): Found design unit 1: pcounter-Behavioral File: /home/enzo/Documents/risc-cpu/src/pcounter.vhd Line: 20
    Info (12023): Found entity 1: pcounter File: /home/enzo/Documents/risc-cpu/src/pcounter.vhd Line: 6
Info (12021): Found 2 design units, including 1 entities, in source file /home/enzo/Documents/risc-cpu/src/dig2dec.vhd
    Info (12022): Found design unit 1: dig2dec-Behavioral File: /home/enzo/Documents/risc-cpu/src/dig2dec.vhd Line: 20
    Info (12023): Found entity 1: dig2dec File: /home/enzo/Documents/risc-cpu/src/dig2dec.vhd Line: 6
Info (12021): Found 2 design units, including 1 entities, in source file /home/enzo/Documents/risc-cpu/src/decoder.vhd
    Info (12022): Found design unit 1: decoder-Behavioral File: /home/enzo/Documents/risc-cpu/src/decoder.vhd Line: 44
    Info (12023): Found entity 1: decoder File: /home/enzo/Documents/risc-cpu/src/decoder.vhd Line: 6
Info (12021): Found 2 design units, including 1 entities, in source file /home/enzo/Documents/risc-cpu/src/cpu.vhd
    Info (12022): Found design unit 1: cpu-Behavioral File: /home/enzo/Documents/risc-cpu/src/cpu.vhd Line: 26
    Info (12023): Found entity 1: cpu File: /home/enzo/Documents/risc-cpu/src/cpu.vhd Line: 8
Info (12021): Found 2 design units, including 1 entities, in source file /home/enzo/Documents/risc-cpu/src/alu.vhd
    Info (12022): Found design unit 1: alu-Behavioral File: /home/enzo/Documents/risc-cpu/src/alu.vhd Line: 22
    Info (12023): Found entity 1: alu File: /home/enzo/Documents/risc-cpu/src/alu.vhd Line: 6
Info (12127): Elaborating entity "cpu" for the top level hierarchy
Info (12128): Elaborating entity "pcounter" for hierarchy "pcounter:pcounter_inst" File: /home/enzo/Documents/risc-cpu/src/cpu.vhd Line: 222
Info (12128): Elaborating entity "rom" for hierarchy "rom:rom_inst" File: /home/enzo/Documents/risc-cpu/src/cpu.vhd Line: 233
Info (12128): Elaborating entity "ram" for hierarchy "ram:ram_inst" File: /home/enzo/Documents/risc-cpu/src/cpu.vhd Line: 243
Info (12128): Elaborating entity "alu" for hierarchy "alu:alu_inst" File: /home/enzo/Documents/risc-cpu/src/cpu.vhd Line: 255
Info (12128): Elaborating entity "reg" for hierarchy "reg:reg_inst" File: /home/enzo/Documents/risc-cpu/src/cpu.vhd Line: 268
Info (12128): Elaborating entity "status" for hierarchy "status:status_inst" File: /home/enzo/Documents/risc-cpu/src/cpu.vhd Line: 283
Info (12128): Elaborating entity "decoder" for hierarchy "decoder:decoder_inst" File: /home/enzo/Documents/risc-cpu/src/cpu.vhd Line: 299
Info (12128): Elaborating entity "pipeline" for hierarchy "pipeline:pipeline_inst" File: /home/enzo/Documents/risc-cpu/src/cpu.vhd Line: 337
Info (12128): Elaborating entity "screen" for hierarchy "screen:screen_inst" File: /home/enzo/Documents/risc-cpu/src/cpu.vhd Line: 356
Info (12128): Elaborating entity "seg7" for hierarchy "screen:screen_inst|seg7:seg7_0" File: /home/enzo/Documents/risc-cpu/src/screen.vhd Line: 59
Info (12128): Elaborating entity "dig2dec" for hierarchy "screen:screen_inst|dig2dec:dig2dec_inst" File: /home/enzo/Documents/risc-cpu/src/screen.vhd Line: 101
Warning (10631): VHDL Process Statement warning at dig2dec.vhd(23): inferring latch(es) for signal or variable "minus", which holds its previous value in one or more paths through the process File: /home/enzo/Documents/risc-cpu/src/dig2dec.vhd Line: 23
Info (10041): Inferred latch for "minus[0]" at dig2dec.vhd(60) File: /home/enzo/Documents/risc-cpu/src/dig2dec.vhd Line: 60
Info (10041): Inferred latch for "minus[1]" at dig2dec.vhd(60) File: /home/enzo/Documents/risc-cpu/src/dig2dec.vhd Line: 60
Info (10041): Inferred latch for "minus[2]" at dig2dec.vhd(60) File: /home/enzo/Documents/risc-cpu/src/dig2dec.vhd Line: 60
Info (10041): Inferred latch for "minus[3]" at dig2dec.vhd(60) File: /home/enzo/Documents/risc-cpu/src/dig2dec.vhd Line: 60
Info (10041): Inferred latch for "minus[4]" at dig2dec.vhd(60) File: /home/enzo/Documents/risc-cpu/src/dig2dec.vhd Line: 60
Info (10041): Inferred latch for "minus[5]" at dig2dec.vhd(60) File: /home/enzo/Documents/risc-cpu/src/dig2dec.vhd Line: 60
Info (10041): Inferred latch for "minus[6]" at dig2dec.vhd(60) File: /home/enzo/Documents/risc-cpu/src/dig2dec.vhd Line: 60
Info (10041): Inferred latch for "minus[7]" at dig2dec.vhd(60) File: /home/enzo/Documents/risc-cpu/src/dig2dec.vhd Line: 60
Info (10041): Inferred latch for "minus[8]" at dig2dec.vhd(60) File: /home/enzo/Documents/risc-cpu/src/dig2dec.vhd Line: 60
Info (10041): Inferred latch for "minus[9]" at dig2dec.vhd(60) File: /home/enzo/Documents/risc-cpu/src/dig2dec.vhd Line: 60
Info (10041): Inferred latch for "minus[10]" at dig2dec.vhd(60) File: /home/enzo/Documents/risc-cpu/src/dig2dec.vhd Line: 60
Info (10041): Inferred latch for "minus[11]" at dig2dec.vhd(60) File: /home/enzo/Documents/risc-cpu/src/dig2dec.vhd Line: 60
Info (10041): Inferred latch for "minus[12]" at dig2dec.vhd(60) File: /home/enzo/Documents/risc-cpu/src/dig2dec.vhd Line: 60
Info (10041): Inferred latch for "minus[13]" at dig2dec.vhd(60) File: /home/enzo/Documents/risc-cpu/src/dig2dec.vhd Line: 60
Info (10041): Inferred latch for "minus[14]" at dig2dec.vhd(60) File: /home/enzo/Documents/risc-cpu/src/dig2dec.vhd Line: 60
Info (10041): Inferred latch for "minus[15]" at dig2dec.vhd(60) File: /home/enzo/Documents/risc-cpu/src/dig2dec.vhd Line: 60
Info (10041): Inferred latch for "minus[16]" at dig2dec.vhd(60) File: /home/enzo/Documents/risc-cpu/src/dig2dec.vhd Line: 60
Info (10041): Inferred latch for "minus[17]" at dig2dec.vhd(60) File: /home/enzo/Documents/risc-cpu/src/dig2dec.vhd Line: 60
Info (10041): Inferred latch for "minus[18]" at dig2dec.vhd(60) File: /home/enzo/Documents/risc-cpu/src/dig2dec.vhd Line: 60
Info (10041): Inferred latch for "minus[19]" at dig2dec.vhd(60) File: /home/enzo/Documents/risc-cpu/src/dig2dec.vhd Line: 60
Info (10041): Inferred latch for "minus[20]" at dig2dec.vhd(60) File: /home/enzo/Documents/risc-cpu/src/dig2dec.vhd Line: 60
Info (10041): Inferred latch for "minus[21]" at dig2dec.vhd(60) File: /home/enzo/Documents/risc-cpu/src/dig2dec.vhd Line: 60
Info (10041): Inferred latch for "minus[22]" at dig2dec.vhd(60) File: /home/enzo/Documents/risc-cpu/src/dig2dec.vhd Line: 60
Info (10041): Inferred latch for "minus[23]" at dig2dec.vhd(60) File: /home/enzo/Documents/risc-cpu/src/dig2dec.vhd Line: 60
Info (10041): Inferred latch for "minus[24]" at dig2dec.vhd(60) File: /home/enzo/Documents/risc-cpu/src/dig2dec.vhd Line: 60
Info (10041): Inferred latch for "minus[25]" at dig2dec.vhd(60) File: /home/enzo/Documents/risc-cpu/src/dig2dec.vhd Line: 60
Info (10041): Inferred latch for "minus[26]" at dig2dec.vhd(60) File: /home/enzo/Documents/risc-cpu/src/dig2dec.vhd Line: 60
Info (10041): Inferred latch for "minus[27]" at dig2dec.vhd(60) File: /home/enzo/Documents/risc-cpu/src/dig2dec.vhd Line: 60
Info (10041): Inferred latch for "minus[28]" at dig2dec.vhd(60) File: /home/enzo/Documents/risc-cpu/src/dig2dec.vhd Line: 60
Info (10041): Inferred latch for "minus[29]" at dig2dec.vhd(60) File: /home/enzo/Documents/risc-cpu/src/dig2dec.vhd Line: 60
Info (10041): Inferred latch for "minus[30]" at dig2dec.vhd(60) File: /home/enzo/Documents/risc-cpu/src/dig2dec.vhd Line: 60
Info (10041): Inferred latch for "minus[31]" at dig2dec.vhd(60) File: /home/enzo/Documents/risc-cpu/src/dig2dec.vhd Line: 60
Info: Quartus Prime Analysis & Elaboration was successful. 0 errors, 2 warnings
    Info: Peak virtual memory: 753 megabytes
    Info: Processing ended: Mon Jan 27 13:47:17 2025
    Info: Elapsed time: 00:00:09
    Info: Total CPU time (on all processors): 00:00:31


